
ROM used:   2440/8192 (30%)
            2492/8192 (30%) including unused fragments

            2.6 Average locations per line
            19.8 Average locations per statement

RAM used:   56/368 (15%) at main() level
            81/368 (22%) worst case

Stack used: 4 worst case (4 in main + 0 for interrupts)
Stack size: 8

Lines Stmts  %   Files
----- ----- ---  -----
  111    51  41  main.c
    5     0   0  main.h
  674     0   0  ..\..\..\..\..\..\..\..\Program Files (x86)\PICC\Devices\16F877A.h
  165    72  59  mod_lcd.c
----- -----
  955   123 Total

Page ROM  %  RAM    Vol Diff  Functions:
---- --- --- ---    --- ----  ----------
0     20   1    1             @delay_ms1
0      8   0    0             @const597
0     39   2    1    260  1.9  lcd_envia_nibble
0     33   1    3    176  2.7  lcd_envia_byte
0     61   2    2    433  4.3  lcd_ini
 Inline         4    186  5.5  lcd_pos_xy
0     55   2    1    290  4.1  lcd_escreve
0     85   3    8    110  2.8  InserirTempRef
0     29   1    2             @ITOF
0    117   5   13             @MULFF
0    321  13   16             @ADDFF
0     45   2    0     92  1.7  InserirDisturbio
0     61   2    6     98  2.3  TempResistor
0    354  15    4    463  5.7  ControlePID
0     63   3   10             @FLT
 Inline         4             @SFTOI
1    324  13    1    658  3.3  MAIN
0      7   0    0             @const655
0     88   4    4             @PSTRINGC7_612
0      8   0    0             @const660
0     87   4    5             @PSTRINGCN7_612
0     31   1    5             @FTOSD
0     79   3   13             @DIV3232
0    195   8   13             @PRINTF_L32D_612FPFPF
0      7   0    0             @const671
0    199   8   13             @PRINTF_L32D_9600_62_63FPFPF
1    120   5    9             @PRINTF_LD_9600_62_63
 Inline         0             @cinit1

Program metrics:
    Functions               10
    Statements              123
    Comments                165
    Volume (V)              4460
    Difficulty (D)          32.2
    Effort to implement (E) 143796
    Time to implement (T)   2 hours, 13 minutes
    Est Delivered Bugs (B)  1
    Cyclomatic Complexity   10
    Maintainability (MI)    99

 Segment     Used  Free
-----------  ----  ----
00000-00003     4  0  
00004-007FF  1992  52  
00800-00FFF   444  1604  
01000-017FF     0  2048  
01800-01FFF     0  2048  



